CRITICAL - 2022-05-19 10:00:51 --> Undefined variable: request
#0 C:\xampp\htdocs\proyecto\app\Controllers\Genre.php(18): CodeIgniter\Debug\Exceptions->errorHandler(8, 'Undefined varia...', 'C:\\xampp\\htdocs...', 18, Array)
#1 C:\xampp\htdocs\proyecto\system\CodeIgniter.php(832): App\Controllers\Genre->save()
#2 C:\xampp\htdocs\proyecto\system\CodeIgniter.php(419): CodeIgniter\CodeIgniter->runController(Object(App\Controllers\Genre))
#3 C:\xampp\htdocs\proyecto\system\CodeIgniter.php(326): CodeIgniter\CodeIgniter->handleRequest(NULL, Object(Config\Cache), false)
#4 C:\xampp\htdocs\proyecto\public\index.php(37): CodeIgniter\CodeIgniter->run()
#5 {main}
CRITICAL - 2022-05-19 10:01:58 --> Array to string conversion
#0 C:\xampp\htdocs\proyecto\app\Controllers\Genre.php(19): CodeIgniter\Debug\Exceptions->errorHandler(8, 'Array to string...', 'C:\\xampp\\htdocs...', 19, Array)
#1 C:\xampp\htdocs\proyecto\system\CodeIgniter.php(832): App\Controllers\Genre->save()
#2 C:\xampp\htdocs\proyecto\system\CodeIgniter.php(419): CodeIgniter\CodeIgniter->runController(Object(App\Controllers\Genre))
#3 C:\xampp\htdocs\proyecto\system\CodeIgniter.php(326): CodeIgniter\CodeIgniter->handleRequest(NULL, Object(Config\Cache), false)
#4 C:\xampp\htdocs\proyecto\public\index.php(37): CodeIgniter\CodeIgniter->run()
#5 {main}
CRITICAL - 2022-05-19 10:02:30 --> Trying to get property 'name' of non-object
#0 C:\xampp\htdocs\proyecto\app\Controllers\Genre.php(19): CodeIgniter\Debug\Exceptions->errorHandler(8, 'Trying to get p...', 'C:\\xampp\\htdocs...', 19, Array)
#1 C:\xampp\htdocs\proyecto\system\CodeIgniter.php(832): App\Controllers\Genre->save()
#2 C:\xampp\htdocs\proyecto\system\CodeIgniter.php(419): CodeIgniter\CodeIgniter->runController(Object(App\Controllers\Genre))
#3 C:\xampp\htdocs\proyecto\system\CodeIgniter.php(326): CodeIgniter\CodeIgniter->handleRequest(NULL, Object(Config\Cache), false)
#4 C:\xampp\htdocs\proyecto\public\index.php(37): CodeIgniter\CodeIgniter->run()
#5 {main}
