CRITICAL - 2022-05-02 09:32:37 --> Invalid file: Welcome.php
#0 C:\xampp\htdocs\proyecto\system\View\View.php(198): CodeIgniter\Exceptions\FrameworkException::forInvalidFile('Welcome.php')
#1 C:\xampp\htdocs\proyecto\system\Common.php(1089): CodeIgniter\View\View->render('Welcome', Array, true)
#2 C:\xampp\htdocs\proyecto\app\Controllers\Home.php(13): view('Welcome')
#3 C:\xampp\htdocs\proyecto\system\CodeIgniter.php(832): App\Controllers\Home->bienvenida()
#4 C:\xampp\htdocs\proyecto\system\CodeIgniter.php(419): CodeIgniter\CodeIgniter->runController(Object(App\Controllers\Home))
#5 C:\xampp\htdocs\proyecto\system\CodeIgniter.php(326): CodeIgniter\CodeIgniter->handleRequest(NULL, Object(Config\Cache), false)
#6 C:\xampp\htdocs\proyecto\public\index.php(37): CodeIgniter\CodeIgniter->run()
#7 {main}
CRITICAL - 2022-05-02 09:33:27 --> Invalid file: welcome_messag.php
#0 C:\xampp\htdocs\proyecto\system\View\View.php(198): CodeIgniter\Exceptions\FrameworkException::forInvalidFile('welcome_messag....')
#1 C:\xampp\htdocs\proyecto\system\Common.php(1089): CodeIgniter\View\View->render('welcome_messag', Array, true)
#2 C:\xampp\htdocs\proyecto\app\Controllers\Home.php(13): view('welcome_messag')
#3 C:\xampp\htdocs\proyecto\system\CodeIgniter.php(832): App\Controllers\Home->bienvenida()
#4 C:\xampp\htdocs\proyecto\system\CodeIgniter.php(419): CodeIgniter\CodeIgniter->runController(Object(App\Controllers\Home))
#5 C:\xampp\htdocs\proyecto\system\CodeIgniter.php(326): CodeIgniter\CodeIgniter->handleRequest(NULL, Object(Config\Cache), false)
#6 C:\xampp\htdocs\proyecto\public\index.php(37): CodeIgniter\CodeIgniter->run()
#7 {main}
CRITICAL - 2022-05-02 09:35:32 --> Invalid file: welcome_messag.php
#0 C:\xampp\htdocs\proyecto\system\View\View.php(198): CodeIgniter\Exceptions\FrameworkException::forInvalidFile('welcome_messag....')
#1 C:\xampp\htdocs\proyecto\system\Common.php(1089): CodeIgniter\View\View->render('welcome_messag', Array, true)
#2 C:\xampp\htdocs\proyecto\app\Controllers\Home.php(13): view('welcome_messag')
#3 C:\xampp\htdocs\proyecto\system\CodeIgniter.php(832): App\Controllers\Home->bienvenida()
#4 C:\xampp\htdocs\proyecto\system\CodeIgniter.php(419): CodeIgniter\CodeIgniter->runController(Object(App\Controllers\Home))
#5 C:\xampp\htdocs\proyecto\system\CodeIgniter.php(326): CodeIgniter\CodeIgniter->handleRequest(NULL, Object(Config\Cache), false)
#6 C:\xampp\htdocs\proyecto\public\index.php(37): CodeIgniter\CodeIgniter->run()
#7 {main}
CRITICAL - 2022-05-02 09:36:19 --> Undefined property: App\Controllers\Home::$db
#0 C:\xampp\htdocs\proyecto\app\Controllers\Home.php(14): CodeIgniter\Debug\Exceptions->errorHandler(8, 'Undefined prope...', 'C:\\xampp\\htdocs...', 14, Array)
#1 C:\xampp\htdocs\proyecto\system\CodeIgniter.php(832): App\Controllers\Home->bienvenida()
#2 C:\xampp\htdocs\proyecto\system\CodeIgniter.php(419): CodeIgniter\CodeIgniter->runController(Object(App\Controllers\Home))
#3 C:\xampp\htdocs\proyecto\system\CodeIgniter.php(326): CodeIgniter\CodeIgniter->handleRequest(NULL, Object(Config\Cache), false)
#4 C:\xampp\htdocs\proyecto\public\index.php(37): CodeIgniter\CodeIgniter->run()
#5 {main}
CRITICAL - 2022-05-02 09:37:50 --> Undefined property: App\Controllers\Home::$db
#0 C:\xampp\htdocs\proyecto\app\Controllers\Home.php(14): CodeIgniter\Debug\Exceptions->errorHandler(8, 'Undefined prope...', 'C:\\xampp\\htdocs...', 14, Array)
#1 C:\xampp\htdocs\proyecto\system\CodeIgniter.php(832): App\Controllers\Home->bienvenida()
#2 C:\xampp\htdocs\proyecto\system\CodeIgniter.php(419): CodeIgniter\CodeIgniter->runController(Object(App\Controllers\Home))
#3 C:\xampp\htdocs\proyecto\system\CodeIgniter.php(326): CodeIgniter\CodeIgniter->handleRequest(NULL, Object(Config\Cache), false)
#4 C:\xampp\htdocs\proyecto\public\index.php(37): CodeIgniter\CodeIgniter->run()
#5 {main}
ERROR - 2022-05-02 09:43:08 --> Error connecting to the database: No se puede establecer una conexión ya que el equipo de destino denegó expresamente dicha conexión.

CRITICAL - 2022-05-02 09:43:08 --> Unable to connect to the database.
Main connection [MySQLi]: No se puede establecer una conexión ya que el equipo de destino denegó expresamente dicha conexión.

#0 C:\xampp\htdocs\proyecto\system\Database\BaseConnection.php(577): CodeIgniter\Database\BaseConnection->initialize()
#1 C:\xampp\htdocs\proyecto\app\Controllers\Home.php(15): CodeIgniter\Database\BaseConnection->query('SELECT * FROM t...')
#2 C:\xampp\htdocs\proyecto\system\CodeIgniter.php(832): App\Controllers\Home->bienvenida()
#3 C:\xampp\htdocs\proyecto\system\CodeIgniter.php(419): CodeIgniter\CodeIgniter->runController(Object(App\Controllers\Home))
#4 C:\xampp\htdocs\proyecto\system\CodeIgniter.php(326): CodeIgniter\CodeIgniter->handleRequest(NULL, Object(Config\Cache), false)
#5 C:\xampp\htdocs\proyecto\public\index.php(37): CodeIgniter\CodeIgniter->run()
#6 {main}
ERROR - 2022-05-02 09:43:53 --> Error connecting to the database: Access denied for user ''@'localhost' (using password: NO)
CRITICAL - 2022-05-02 09:43:53 --> Unable to connect to the database.
Main connection [MySQLi]: Access denied for user ''@'localhost' (using password: NO)
#0 C:\xampp\htdocs\proyecto\system\Database\BaseConnection.php(577): CodeIgniter\Database\BaseConnection->initialize()
#1 C:\xampp\htdocs\proyecto\app\Controllers\Home.php(15): CodeIgniter\Database\BaseConnection->query('SELECT * FROM t...')
#2 C:\xampp\htdocs\proyecto\system\CodeIgniter.php(832): App\Controllers\Home->bienvenida()
#3 C:\xampp\htdocs\proyecto\system\CodeIgniter.php(419): CodeIgniter\CodeIgniter->runController(Object(App\Controllers\Home))
#4 C:\xampp\htdocs\proyecto\system\CodeIgniter.php(326): CodeIgniter\CodeIgniter->handleRequest(NULL, Object(Config\Cache), false)
#5 C:\xampp\htdocs\proyecto\public\index.php(37): CodeIgniter\CodeIgniter->run()
#6 {main}
ERROR - 2022-05-02 09:44:18 --> Error connecting to the database: Unknown database 'ejemplo'
CRITICAL - 2022-05-02 09:44:18 --> Unable to connect to the database.
Main connection [MySQLi]: Unknown database 'ejemplo'
#0 C:\xampp\htdocs\proyecto\system\Database\BaseConnection.php(577): CodeIgniter\Database\BaseConnection->initialize()
#1 C:\xampp\htdocs\proyecto\app\Controllers\Home.php(15): CodeIgniter\Database\BaseConnection->query('SELECT * FROM t...')
#2 C:\xampp\htdocs\proyecto\system\CodeIgniter.php(832): App\Controllers\Home->bienvenida()
#3 C:\xampp\htdocs\proyecto\system\CodeIgniter.php(419): CodeIgniter\CodeIgniter->runController(Object(App\Controllers\Home))
#4 C:\xampp\htdocs\proyecto\system\CodeIgniter.php(326): CodeIgniter\CodeIgniter->handleRequest(NULL, Object(Config\Cache), false)
#5 C:\xampp\htdocs\proyecto\public\index.php(37): CodeIgniter\CodeIgniter->run()
#6 {main}
ERROR - 2022-05-02 09:45:27 --> You have an error in your SQL syntax; check the manual that corresponds to your MariaDB server version for the right syntax to use near 'table' at line 1
CRITICAL - 2022-05-02 09:45:27 --> You have an error in your SQL syntax; check the manual that corresponds to your MariaDB server version for the right syntax to use near 'table' at line 1
#0 C:\xampp\htdocs\proyecto\system\Database\MySQLi\Connection.php(292): mysqli->query('SELECT * FROM t...', 0)
#1 C:\xampp\htdocs\proyecto\system\Database\BaseConnection.php(670): CodeIgniter\Database\MySQLi\Connection->execute('SELECT * FROM t...')
#2 C:\xampp\htdocs\proyecto\system\Database\BaseConnection.php(598): CodeIgniter\Database\BaseConnection->simpleQuery('SELECT * FROM t...')
#3 C:\xampp\htdocs\proyecto\app\Controllers\Home.php(15): CodeIgniter\Database\BaseConnection->query('SELECT * FROM t...')
#4 C:\xampp\htdocs\proyecto\system\CodeIgniter.php(832): App\Controllers\Home->bienvenida()
#5 C:\xampp\htdocs\proyecto\system\CodeIgniter.php(419): CodeIgniter\CodeIgniter->runController(Object(App\Controllers\Home))
#6 C:\xampp\htdocs\proyecto\system\CodeIgniter.php(326): CodeIgniter\CodeIgniter->handleRequest(NULL, Object(Config\Cache), false)
#7 C:\xampp\htdocs\proyecto\public\index.php(37): CodeIgniter\CodeIgniter->run()
#8 {main}
ERROR - 2022-05-02 09:47:51 --> Table 'ejemplo.tablas' doesn't exist
CRITICAL - 2022-05-02 09:47:51 --> Table 'ejemplo.tablas' doesn't exist
#0 C:\xampp\htdocs\proyecto\system\Database\MySQLi\Connection.php(292): mysqli->query('SELECT * FROM t...', 0)
#1 C:\xampp\htdocs\proyecto\system\Database\BaseConnection.php(670): CodeIgniter\Database\MySQLi\Connection->execute('SELECT * FROM t...')
#2 C:\xampp\htdocs\proyecto\system\Database\BaseConnection.php(598): CodeIgniter\Database\BaseConnection->simpleQuery('SELECT * FROM t...')
#3 C:\xampp\htdocs\proyecto\app\Controllers\Home.php(15): CodeIgniter\Database\BaseConnection->query('SELECT * FROM t...')
#4 C:\xampp\htdocs\proyecto\system\CodeIgniter.php(832): App\Controllers\Home->bienvenida()
#5 C:\xampp\htdocs\proyecto\system\CodeIgniter.php(419): CodeIgniter\CodeIgniter->runController(Object(App\Controllers\Home))
#6 C:\xampp\htdocs\proyecto\system\CodeIgniter.php(326): CodeIgniter\CodeIgniter->handleRequest(NULL, Object(Config\Cache), false)
#7 C:\xampp\htdocs\proyecto\public\index.php(37): CodeIgniter\CodeIgniter->run()
#8 {main}
CRITICAL - 2022-05-02 09:49:24 --> Object of class CodeIgniter\Database\MySQLi\Result could not be converted to string
#0 C:\xampp\htdocs\proyecto\system\CodeIgniter.php(832): App\Controllers\Home->bienvenida()
#1 C:\xampp\htdocs\proyecto\system\CodeIgniter.php(419): CodeIgniter\CodeIgniter->runController(Object(App\Controllers\Home))
#2 C:\xampp\htdocs\proyecto\system\CodeIgniter.php(326): CodeIgniter\CodeIgniter->handleRequest(NULL, Object(Config\Cache), false)
#3 C:\xampp\htdocs\proyecto\public\index.php(37): CodeIgniter\CodeIgniter->run()
#4 {main}
CRITICAL - 2022-05-02 09:50:30 --> Cannot use object of type CodeIgniter\Database\MySQLi\Result as array
#0 C:\xampp\htdocs\proyecto\system\CodeIgniter.php(832): App\Controllers\Home->bienvenida()
#1 C:\xampp\htdocs\proyecto\system\CodeIgniter.php(419): CodeIgniter\CodeIgniter->runController(Object(App\Controllers\Home))
#2 C:\xampp\htdocs\proyecto\system\CodeIgniter.php(326): CodeIgniter\CodeIgniter->handleRequest(NULL, Object(Config\Cache), false)
#3 C:\xampp\htdocs\proyecto\public\index.php(37): CodeIgniter\CodeIgniter->run()
#4 {main}
