CRITICAL - 2022-05-31 16:04:07 --> syntax error, unexpected '/'
#0 C:\xampp\htdocs\proyecto\system\View\View.php(213): CodeIgniter\View\View->CodeIgniter\View\{closure}()
#1 C:\xampp\htdocs\proyecto\system\Common.php(1089): CodeIgniter\View\View->render('genre/index', Array, true)
#2 C:\xampp\htdocs\proyecto\app\Controllers\Genre.php(11): view('genre/index', Array)
#3 C:\xampp\htdocs\proyecto\system\CodeIgniter.php(832): App\Controllers\Genre->index()
#4 C:\xampp\htdocs\proyecto\system\CodeIgniter.php(419): CodeIgniter\CodeIgniter->runController(Object(App\Controllers\Genre))
#5 C:\xampp\htdocs\proyecto\system\CodeIgniter.php(326): CodeIgniter\CodeIgniter->handleRequest(NULL, Object(Config\Cache), false)
#6 C:\xampp\htdocs\proyecto\public\index.php(37): CodeIgniter\CodeIgniter->run()
#7 {main}
CRITICAL - 2022-05-31 16:11:08 --> Call to undefined method App\Controllers\Genre::getGet()
#0 C:\xampp\htdocs\proyecto\system\CodeIgniter.php(832): App\Controllers\Genre->edit('9')
#1 C:\xampp\htdocs\proyecto\system\CodeIgniter.php(419): CodeIgniter\CodeIgniter->runController(Object(App\Controllers\Genre))
#2 C:\xampp\htdocs\proyecto\system\CodeIgniter.php(326): CodeIgniter\CodeIgniter->handleRequest(NULL, Object(Config\Cache), false)
#3 C:\xampp\htdocs\proyecto\public\index.php(37): CodeIgniter\CodeIgniter->run()
#4 {main}
CRITICAL - 2022-05-31 16:13:07 --> Undefined variable: genres
#0 C:\xampp\htdocs\proyecto\app\Views\genre\index.php(13): CodeIgniter\Debug\Exceptions->errorHandler(8, 'Undefined varia...', 'C:\\xampp\\htdocs...', 13, Array)
#1 C:\xampp\htdocs\proyecto\system\View\View.php(210): include('C:\\xampp\\htdocs...')
#2 C:\xampp\htdocs\proyecto\system\View\View.php(213): CodeIgniter\View\View->CodeIgniter\View\{closure}()
#3 C:\xampp\htdocs\proyecto\system\Common.php(1089): CodeIgniter\View\View->render('genre/index', Array, true)
#4 C:\xampp\htdocs\proyecto\app\Controllers\Genre.php(26): view('genre/index', Array)
#5 C:\xampp\htdocs\proyecto\system\CodeIgniter.php(832): App\Controllers\Genre->edit('9')
#6 C:\xampp\htdocs\proyecto\system\CodeIgniter.php(419): CodeIgniter\CodeIgniter->runController(Object(App\Controllers\Genre))
#7 C:\xampp\htdocs\proyecto\system\CodeIgniter.php(326): CodeIgniter\CodeIgniter->handleRequest(NULL, Object(Config\Cache), false)
#8 C:\xampp\htdocs\proyecto\public\index.php(37): CodeIgniter\CodeIgniter->run()
#9 {main}
CRITICAL - 2022-05-31 16:13:29 --> Invalid file: genre/edit.php
#0 C:\xampp\htdocs\proyecto\system\View\View.php(198): CodeIgniter\Exceptions\FrameworkException::forInvalidFile('genre/edit.php')
#1 C:\xampp\htdocs\proyecto\system\Common.php(1089): CodeIgniter\View\View->render('genre/edit', Array, true)
#2 C:\xampp\htdocs\proyecto\app\Controllers\Genre.php(26): view('genre/edit', Array)
#3 C:\xampp\htdocs\proyecto\system\CodeIgniter.php(832): App\Controllers\Genre->edit('9')
#4 C:\xampp\htdocs\proyecto\system\CodeIgniter.php(419): CodeIgniter\CodeIgniter->runController(Object(App\Controllers\Genre))
#5 C:\xampp\htdocs\proyecto\system\CodeIgniter.php(326): CodeIgniter\CodeIgniter->handleRequest(NULL, Object(Config\Cache), false)
#6 C:\xampp\htdocs\proyecto\public\index.php(37): CodeIgniter\CodeIgniter->run()
#7 {main}
ERROR - 2022-05-31 16:30:46 --> Unknown column 'created_at' in 'field list'
CRITICAL - 2022-05-31 16:30:46 --> Unknown column 'created_at' in 'field list'
#0 C:\xampp\htdocs\proyecto\system\Database\MySQLi\Connection.php(292): mysqli->query('INSERT INTO `ge...', 0)
#1 C:\xampp\htdocs\proyecto\system\Database\BaseConnection.php(670): CodeIgniter\Database\MySQLi\Connection->execute('INSERT INTO `ge...')
#2 C:\xampp\htdocs\proyecto\system\Database\BaseConnection.php(598): CodeIgniter\Database\BaseConnection->simpleQuery('INSERT INTO `ge...')
#3 C:\xampp\htdocs\proyecto\system\Database\BaseBuilder.php(1771): CodeIgniter\Database\BaseConnection->query('INSERT INTO `ge...', Array, false)
#4 C:\xampp\htdocs\proyecto\system\Model.php(239): CodeIgniter\Database\BaseBuilder->insert()
#5 C:\xampp\htdocs\proyecto\system\BaseModel.php(738): CodeIgniter\Model->doInsert(Array)
#6 C:\xampp\htdocs\proyecto\system\Model.php(625): CodeIgniter\BaseModel->insert(Array, false)
#7 C:\xampp\htdocs\proyecto\system\BaseModel.php(658): CodeIgniter\Model->insert(Object(App\Entities\Genre), false)
#8 C:\xampp\htdocs\proyecto\app\Controllers\Genre.php(43): CodeIgniter\BaseModel->save(Object(App\Entities\Genre))
#9 C:\xampp\htdocs\proyecto\system\CodeIgniter.php(832): App\Controllers\Genre->save()
#10 C:\xampp\htdocs\proyecto\system\CodeIgniter.php(419): CodeIgniter\CodeIgniter->runController(Object(App\Controllers\Genre))
#11 C:\xampp\htdocs\proyecto\system\CodeIgniter.php(326): CodeIgniter\CodeIgniter->handleRequest(NULL, Object(Config\Cache), false)
#12 C:\xampp\htdocs\proyecto\public\index.php(37): CodeIgniter\CodeIgniter->run()
#13 {main}
ERROR - 2022-05-31 17:00:17 --> Duplicate entry 'sonidera' for key 'name'
CRITICAL - 2022-05-31 17:00:17 --> Duplicate entry 'sonidera' for key 'name'
#0 C:\xampp\htdocs\proyecto\system\Database\MySQLi\Connection.php(292): mysqli->query('INSERT INTO `ge...', 0)
#1 C:\xampp\htdocs\proyecto\system\Database\BaseConnection.php(670): CodeIgniter\Database\MySQLi\Connection->execute('INSERT INTO `ge...')
#2 C:\xampp\htdocs\proyecto\system\Database\BaseConnection.php(598): CodeIgniter\Database\BaseConnection->simpleQuery('INSERT INTO `ge...')
#3 C:\xampp\htdocs\proyecto\system\Database\BaseBuilder.php(1771): CodeIgniter\Database\BaseConnection->query('INSERT INTO `ge...', Array, false)
#4 C:\xampp\htdocs\proyecto\system\Model.php(239): CodeIgniter\Database\BaseBuilder->insert()
#5 C:\xampp\htdocs\proyecto\system\BaseModel.php(738): CodeIgniter\Model->doInsert(Array)
#6 C:\xampp\htdocs\proyecto\system\Model.php(625): CodeIgniter\BaseModel->insert(Array, false)
#7 C:\xampp\htdocs\proyecto\system\BaseModel.php(658): CodeIgniter\Model->insert(Object(App\Entities\Genre), false)
#8 C:\xampp\htdocs\proyecto\app\Controllers\Genre.php(43): CodeIgniter\BaseModel->save(Object(App\Entities\Genre))
#9 C:\xampp\htdocs\proyecto\system\CodeIgniter.php(832): App\Controllers\Genre->save()
#10 C:\xampp\htdocs\proyecto\system\CodeIgniter.php(419): CodeIgniter\CodeIgniter->runController(Object(App\Controllers\Genre))
#11 C:\xampp\htdocs\proyecto\system\CodeIgniter.php(326): CodeIgniter\CodeIgniter->handleRequest(NULL, Object(Config\Cache), false)
#12 C:\xampp\htdocs\proyecto\public\index.php(37): CodeIgniter\CodeIgniter->run()
#13 {main}
CRITICAL - 2022-05-31 17:04:06 --> Trying to get property 'name' of non-object
#0 C:\xampp\htdocs\proyecto\app\Views\genre\edit.php(11): CodeIgniter\Debug\Exceptions->errorHandler(8, 'Trying to get p...', 'C:\\xampp\\htdocs...', 11, Array)
#1 C:\xampp\htdocs\proyecto\system\View\View.php(210): include('C:\\xampp\\htdocs...')
#2 C:\xampp\htdocs\proyecto\system\View\View.php(213): CodeIgniter\View\View->CodeIgniter\View\{closure}()
#3 C:\xampp\htdocs\proyecto\system\Common.php(1089): CodeIgniter\View\View->render('genre/edit', Array, true)
#4 C:\xampp\htdocs\proyecto\app\Controllers\Genre.php(26): view('genre/edit', Array)
#5 C:\xampp\htdocs\proyecto\system\CodeIgniter.php(832): App\Controllers\Genre->edit('update')
#6 C:\xampp\htdocs\proyecto\system\CodeIgniter.php(419): CodeIgniter\CodeIgniter->runController(Object(App\Controllers\Genre))
#7 C:\xampp\htdocs\proyecto\system\CodeIgniter.php(326): CodeIgniter\CodeIgniter->handleRequest(NULL, Object(Config\Cache), false)
#8 C:\xampp\htdocs\proyecto\public\index.php(37): CodeIgniter\CodeIgniter->run()
#9 {main}
CRITICAL - 2022-05-31 17:04:51 --> Trying to get property 'name' of non-object
#0 C:\xampp\htdocs\proyecto\app\Views\genre\edit.php(11): CodeIgniter\Debug\Exceptions->errorHandler(8, 'Trying to get p...', 'C:\\xampp\\htdocs...', 11, Array)
#1 C:\xampp\htdocs\proyecto\system\View\View.php(210): include('C:\\xampp\\htdocs...')
#2 C:\xampp\htdocs\proyecto\system\View\View.php(213): CodeIgniter\View\View->CodeIgniter\View\{closure}()
#3 C:\xampp\htdocs\proyecto\system\Common.php(1089): CodeIgniter\View\View->render('genre/edit', Array, true)
#4 C:\xampp\htdocs\proyecto\app\Controllers\Genre.php(26): view('genre/edit', Array)
#5 C:\xampp\htdocs\proyecto\system\CodeIgniter.php(832): App\Controllers\Genre->edit('update')
#6 C:\xampp\htdocs\proyecto\system\CodeIgniter.php(419): CodeIgniter\CodeIgniter->runController(Object(App\Controllers\Genre))
#7 C:\xampp\htdocs\proyecto\system\CodeIgniter.php(326): CodeIgniter\CodeIgniter->handleRequest(NULL, Object(Config\Cache), false)
#8 C:\xampp\htdocs\proyecto\public\index.php(37): CodeIgniter\CodeIgniter->run()
#9 {main}
CRITICAL - 2022-05-31 17:05:25 --> Trying to get property 'name' of non-object
#0 C:\xampp\htdocs\proyecto\app\Views\genre\edit.php(11): CodeIgniter\Debug\Exceptions->errorHandler(8, 'Trying to get p...', 'C:\\xampp\\htdocs...', 11, Array)
#1 C:\xampp\htdocs\proyecto\system\View\View.php(210): include('C:\\xampp\\htdocs...')
#2 C:\xampp\htdocs\proyecto\system\View\View.php(213): CodeIgniter\View\View->CodeIgniter\View\{closure}()
#3 C:\xampp\htdocs\proyecto\system\Common.php(1089): CodeIgniter\View\View->render('genre/edit', Array, true)
#4 C:\xampp\htdocs\proyecto\app\Controllers\Genre.php(26): view('genre/edit', Array)
#5 C:\xampp\htdocs\proyecto\system\CodeIgniter.php(832): App\Controllers\Genre->edit('update')
#6 C:\xampp\htdocs\proyecto\system\CodeIgniter.php(419): CodeIgniter\CodeIgniter->runController(Object(App\Controllers\Genre))
#7 C:\xampp\htdocs\proyecto\system\CodeIgniter.php(326): CodeIgniter\CodeIgniter->handleRequest(NULL, Object(Config\Cache), false)
#8 C:\xampp\htdocs\proyecto\public\index.php(37): CodeIgniter\CodeIgniter->run()
#9 {main}
CRITICAL - 2022-05-31 17:15:05 --> Trying to get property 'name' of non-object
#0 C:\xampp\htdocs\proyecto\app\Views\genre\edit.php(11): CodeIgniter\Debug\Exceptions->errorHandler(8, 'Trying to get p...', 'C:\\xampp\\htdocs...', 11, Array)
#1 C:\xampp\htdocs\proyecto\system\View\View.php(210): include('C:\\xampp\\htdocs...')
#2 C:\xampp\htdocs\proyecto\system\View\View.php(213): CodeIgniter\View\View->CodeIgniter\View\{closure}()
#3 C:\xampp\htdocs\proyecto\system\Common.php(1089): CodeIgniter\View\View->render('genre/edit', Array, true)
#4 C:\xampp\htdocs\proyecto\app\Controllers\Genre.php(26): view('genre/edit', Array)
#5 C:\xampp\htdocs\proyecto\system\CodeIgniter.php(832): App\Controllers\Genre->edit('localhost', 'proyecto', 'public', 'genre', 'update')
#6 C:\xampp\htdocs\proyecto\system\CodeIgniter.php(419): CodeIgniter\CodeIgniter->runController(Object(App\Controllers\Genre))
#7 C:\xampp\htdocs\proyecto\system\CodeIgniter.php(326): CodeIgniter\CodeIgniter->handleRequest(NULL, Object(Config\Cache), false)
#8 C:\xampp\htdocs\proyecto\public\index.php(37): CodeIgniter\CodeIgniter->run()
#9 {main}
CRITICAL - 2022-05-31 17:15:41 --> Trying to get property 'name' of non-object
#0 C:\xampp\htdocs\proyecto\app\Views\genre\edit.php(11): CodeIgniter\Debug\Exceptions->errorHandler(8, 'Trying to get p...', 'C:\\xampp\\htdocs...', 11, Array)
#1 C:\xampp\htdocs\proyecto\system\View\View.php(210): include('C:\\xampp\\htdocs...')
#2 C:\xampp\htdocs\proyecto\system\View\View.php(213): CodeIgniter\View\View->CodeIgniter\View\{closure}()
#3 C:\xampp\htdocs\proyecto\system\Common.php(1089): CodeIgniter\View\View->render('genre/edit', Array, true)
#4 C:\xampp\htdocs\proyecto\app\Controllers\Genre.php(26): view('genre/edit', Array)
#5 C:\xampp\htdocs\proyecto\system\CodeIgniter.php(832): App\Controllers\Genre->edit('localhost', 'proyecto', 'public', 'genre', 'update')
#6 C:\xampp\htdocs\proyecto\system\CodeIgniter.php(419): CodeIgniter\CodeIgniter->runController(Object(App\Controllers\Genre))
#7 C:\xampp\htdocs\proyecto\system\CodeIgniter.php(326): CodeIgniter\CodeIgniter->handleRequest(NULL, Object(Config\Cache), false)
#8 C:\xampp\htdocs\proyecto\public\index.php(37): CodeIgniter\CodeIgniter->run()
#9 {main}
CRITICAL - 2022-05-31 17:16:32 --> Array to string conversion
#0 C:\xampp\htdocs\proyecto\app\Controllers\Genre.php(54): CodeIgniter\Debug\Exceptions->errorHandler(8, 'Array to string...', 'C:\\xampp\\htdocs...', 54, Array)
#1 C:\xampp\htdocs\proyecto\system\CodeIgniter.php(832): App\Controllers\Genre->update()
#2 C:\xampp\htdocs\proyecto\system\CodeIgniter.php(419): CodeIgniter\CodeIgniter->runController(Object(App\Controllers\Genre))
#3 C:\xampp\htdocs\proyecto\system\CodeIgniter.php(326): CodeIgniter\CodeIgniter->handleRequest(NULL, Object(Config\Cache), false)
#4 C:\xampp\htdocs\proyecto\public\index.php(37): CodeIgniter\CodeIgniter->run()
#5 {main}
CRITICAL - 2022-05-31 17:19:03 --> There is no data to update.
#0 C:\xampp\htdocs\proyecto\system\BaseModel.php(1574): CodeIgniter\Database\Exceptions\DataException::forEmptyDataset('update')
#1 C:\xampp\htdocs\proyecto\system\BaseModel.php(832): CodeIgniter\BaseModel->transformDataToArray(NULL, 'update')
#2 C:\xampp\htdocs\proyecto\system\Model.php(651): CodeIgniter\BaseModel->update(Object(App\Entities\Genre), NULL)
#3 C:\xampp\htdocs\proyecto\app\Controllers\Genre.php(61): CodeIgniter\Model->update(Object(App\Entities\Genre))
#4 C:\xampp\htdocs\proyecto\system\CodeIgniter.php(832): App\Controllers\Genre->update()
#5 C:\xampp\htdocs\proyecto\system\CodeIgniter.php(419): CodeIgniter\CodeIgniter->runController(Object(App\Controllers\Genre))
#6 C:\xampp\htdocs\proyecto\system\CodeIgniter.php(326): CodeIgniter\CodeIgniter->handleRequest(NULL, Object(Config\Cache), false)
#7 C:\xampp\htdocs\proyecto\public\index.php(37): CodeIgniter\CodeIgniter->run()
#8 {main}
CRITICAL - 2022-05-31 17:20:17 --> There is no data to update.
#0 C:\xampp\htdocs\proyecto\system\BaseModel.php(1574): CodeIgniter\Database\Exceptions\DataException::forEmptyDataset('update')
#1 C:\xampp\htdocs\proyecto\system\BaseModel.php(832): CodeIgniter\BaseModel->transformDataToArray(NULL, 'update')
#2 C:\xampp\htdocs\proyecto\system\Model.php(651): CodeIgniter\BaseModel->update(Object(App\Entities\Genre), NULL)
#3 C:\xampp\htdocs\proyecto\app\Controllers\Genre.php(62): CodeIgniter\Model->update(Object(App\Entities\Genre))
#4 C:\xampp\htdocs\proyecto\system\CodeIgniter.php(832): App\Controllers\Genre->update()
#5 C:\xampp\htdocs\proyecto\system\CodeIgniter.php(419): CodeIgniter\CodeIgniter->runController(Object(App\Controllers\Genre))
#6 C:\xampp\htdocs\proyecto\system\CodeIgniter.php(326): CodeIgniter\CodeIgniter->handleRequest(NULL, Object(Config\Cache), false)
#7 C:\xampp\htdocs\proyecto\public\index.php(37): CodeIgniter\CodeIgniter->run()
#8 {main}
CRITICAL - 2022-05-31 17:26:32 --> There is no data to update.
#0 C:\xampp\htdocs\proyecto\system\BaseModel.php(1574): CodeIgniter\Database\Exceptions\DataException::forEmptyDataset('update')
#1 C:\xampp\htdocs\proyecto\system\BaseModel.php(832): CodeIgniter\BaseModel->transformDataToArray(NULL, 'update')
#2 C:\xampp\htdocs\proyecto\system\Model.php(651): CodeIgniter\BaseModel->update(Object(App\Entities\Genre), NULL)
#3 C:\xampp\htdocs\proyecto\app\Controllers\Genre.php(67): CodeIgniter\Model->update(Object(App\Entities\Genre))
#4 C:\xampp\htdocs\proyecto\system\CodeIgniter.php(832): App\Controllers\Genre->update()
#5 C:\xampp\htdocs\proyecto\system\CodeIgniter.php(419): CodeIgniter\CodeIgniter->runController(Object(App\Controllers\Genre))
#6 C:\xampp\htdocs\proyecto\system\CodeIgniter.php(326): CodeIgniter\CodeIgniter->handleRequest(NULL, Object(Config\Cache), false)
#7 C:\xampp\htdocs\proyecto\public\index.php(37): CodeIgniter\CodeIgniter->run()
#8 {main}
CRITICAL - 2022-05-31 17:27:01 --> There is no data to update.
#0 C:\xampp\htdocs\proyecto\system\BaseModel.php(1574): CodeIgniter\Database\Exceptions\DataException::forEmptyDataset('update')
#1 C:\xampp\htdocs\proyecto\system\BaseModel.php(832): CodeIgniter\BaseModel->transformDataToArray(NULL, 'update')
#2 C:\xampp\htdocs\proyecto\system\Model.php(651): CodeIgniter\BaseModel->update(Object(App\Entities\Genre), NULL)
#3 C:\xampp\htdocs\proyecto\app\Controllers\Genre.php(67): CodeIgniter\Model->update(Object(App\Entities\Genre))
#4 C:\xampp\htdocs\proyecto\system\CodeIgniter.php(832): App\Controllers\Genre->update()
#5 C:\xampp\htdocs\proyecto\system\CodeIgniter.php(419): CodeIgniter\CodeIgniter->runController(Object(App\Controllers\Genre))
#6 C:\xampp\htdocs\proyecto\system\CodeIgniter.php(326): CodeIgniter\CodeIgniter->handleRequest(NULL, Object(Config\Cache), false)
#7 C:\xampp\htdocs\proyecto\public\index.php(37): CodeIgniter\CodeIgniter->run()
#8 {main}
